12:21:34.268 [main] INFO  testCases.TC1_AccountRegTest-Providing customer details....
 12:21:36.644 [main] INFO  testCases.TC1_AccountRegTest-Validating expected message....
 12:21:36.723 [main] INFO  testCases.TC1_AccountRegTest-******Finished TC1_AccountRegTest  ******
 12:21:42.163 [main] INFO  testCases.TC2_LoginTest-****** Starting TC2_LoginTest
 12:21:43.406 [main] INFO  testCases.TC2_LoginTest-****** Finished  TC2_LoginTest
 12:27:44.399 [main] DEBUG org.testng.TestNG-suiteXmlPath: "C:\workspace\SeleniumJava Automation\AutomationFrameworkPavan2\grouping.xml"
 12:27:44.728 [main] INFO  org.testng.internal.Utils-[TestNG] Running:
  C:\workspace\SeleniumJava Automation\AutomationFrameworkPavan2\grouping.xml

 12:27:51.383 [main] INFO  testCases.TC1_AccountRegTest-******Starting TC1_AccountRegTest  ******
 12:27:52.054 [main] INFO  testCases.TC1_AccountRegTest-Clicked on register
 12:27:52.061 [main] INFO  testCases.TC1_AccountRegTest-Providing customer details....
 12:27:54.078 [main] INFO  testCases.TC1_AccountRegTest-Validating expected message....
 12:27:54.155 [main] INFO  testCases.TC1_AccountRegTest-******Finished TC1_AccountRegTest  ******
 12:28:00.419 [main] INFO  testCases.TC2_LoginTest-****** Starting TC2_LoginTest
 12:28:01.679 [main] INFO  testCases.TC2_LoginTest-****** Finished  TC2_LoginTest
 12:32:21.940 [main] DEBUG org.testng.TestNG-suiteXmlPath: "C:\workspace\SeleniumJava Automation\AutomationFrameworkPavan2\grouping.xml"
 12:32:22.283 [main] INFO  org.testng.internal.Utils-[TestNG] Running:
  C:\workspace\SeleniumJava Automation\AutomationFrameworkPavan2\grouping.xml

 12:32:30.267 [main] INFO  testCases.TC1_AccountRegTest-******Starting TC1_AccountRegTest  ******
 12:32:31.028 [main] INFO  testCases.TC1_AccountRegTest-Clicked on register
 12:32:31.034 [main] INFO  testCases.TC1_AccountRegTest-Providing customer details....
 12:32:33.076 [main] INFO  testCases.TC1_AccountRegTest-Validating expected message....
 12:32:33.131 [main] INFO  testCases.TC1_AccountRegTest-******Finished TC1_AccountRegTest  ******
 12:32:38.598 [main] INFO  testCases.TC2_LoginTest-****** Starting TC2_LoginTest
 12:32:39.849 [main] INFO  testCases.TC2_LoginTest-****** Finished  TC2_LoginTest
 12:44:08.215 [main] DEBUG org.testng.TestNG-suiteXmlPath: "C:\workspace\SeleniumJava Automation\AutomationFrameworkPavan2\grouping.xml"
 12:44:08.741 [main] INFO  org.testng.internal.Utils-[TestNG] Running:
  C:\workspace\SeleniumJava Automation\AutomationFrameworkPavan2\grouping.xml

 12:44:19.338 [main] INFO  testCases.TC1_AccountRegTest-******Starting TC1_AccountRegTest  ******
 12:44:20.174 [main] INFO  testCases.TC1_AccountRegTest-Clicked on register
 12:44:20.184 [main] INFO  testCases.TC1_AccountRegTest-Providing customer details....
 12:44:23.898 [main] INFO  testCases.TC1_AccountRegTest-Validating expected message....
 12:44:23.978 [main] INFO  testCases.TC1_AccountRegTest-******Finished TC1_AccountRegTest  ******
 12:44:32.675 [main] INFO  testCases.TC2_LoginTest-****** Starting TC2_LoginTest
 13:30:42.095 [main] DEBUG org.testng.TestNG-suiteXmlPath: "C:\workspace\SeleniumJava Automation\AutomationFrameworkPavan2\test-output\testng-failed.xml"
 13:30:42.532 [main] INFO  org.testng.internal.Utils-[TestNG] Running:
  C:\workspace\SeleniumJava Automation\AutomationFrameworkPavan2\test-output\testng-failed.xml

 13:30:52.194 [main] INFO  testCases.TC2_LoginTest-****** Starting TC2_LoginTest
 13:30:53.603 [main] INFO  testCases.TC2_LoginTest-****** Finished  TC2_LoginTest
 21:32:29.422 [main] DEBUG org.testng.TestNG-suiteXmlPath: "C:\workspace\SeleniumJava Automation\AutomationFrameworkPavan2\crossbrowsertesting_paralleltesting.xml"
 21:32:29.731 [main] INFO  org.testng.internal.Utils-[TestNG] Running:
  C:\workspace\SeleniumJava Automation\AutomationFrameworkPavan2\crossbrowsertesting_paralleltesting.xml

 21:32:42.041 [TestNG-tests-3] INFO  testCases.TC1_AccountRegTest-******Starting TC1_AccountRegTest  ******
 21:32:43.690 [TestNG-tests-2] INFO  testCases.TC1_AccountRegTest-******Starting TC1_AccountRegTest  ******
 21:32:45.409 [TestNG-tests-3] INFO  testCases.TC1_AccountRegTest-Clicked on register
 21:32:45.423 [TestNG-tests-3] INFO  testCases.TC1_AccountRegTest-Providing customer details....
 21:32:45.463 [TestNG-tests-2] ERROR testCases.TC1_AccountRegTest-Test failed..
 21:32:45.465 [TestNG-tests-2] DEBUG testCases.TC1_AccountRegTest-Debug logs..
 21:32:45.506 [TestNG-tests-3] ERROR testCases.TC1_AccountRegTest-Test failed..
 21:32:45.506 [TestNG-tests-3] DEBUG testCases.TC1_AccountRegTest-Debug logs..
 21:33:46.018 [main] DEBUG org.testng.TestNG-suiteXmlPath: "C:\workspace\SeleniumJava Automation\AutomationFrameworkPavan2\crossbrowsertesting_paralleltesting.xml"
 21:33:46.425 [main] INFO  org.testng.internal.Utils-[TestNG] Running:
  C:\workspace\SeleniumJava Automation\AutomationFrameworkPavan2\crossbrowsertesting_paralleltesting.xml

 21:33:57.459 [TestNG-tests-3] INFO  testCases.TC1_AccountRegTest-******Starting TC1_AccountRegTest  ******
 