21:33:59.322 [TestNG-tests-2] INFO  testCases.TC1_AccountRegTest-******Starting TC1_AccountRegTest  ******
 21:34:06.372 [TestNG-tests-1] INFO  testCases.TC1_AccountRegTest-******Starting TC1_AccountRegTest  ******
 21:34:06.995 [TestNG-tests-3] INFO  testCases.TC1_AccountRegTest-Clicked on register
 21:34:07.000 [TestNG-tests-3] INFO  testCases.TC1_AccountRegTest-Providing customer details....
 21:34:07.010 [TestNG-tests-1] ERROR testCases.TC1_AccountRegTest-Test failed..
 21:34:07.010 [TestNG-tests-2] ERROR testCases.TC1_AccountRegTest-Test failed..
 21:34:07.010 [TestNG-tests-2] DEBUG testCases.TC1_AccountRegTest-Debug logs..
 21:34:07.010 [TestNG-tests-1] DEBUG testCases.TC1_AccountRegTest-Debug logs..
 21:34:07.637 [TestNG-tests-3] ERROR testCases.TC1_AccountRegTest-Test failed..
 21:34:07.639 [TestNG-tests-3] DEBUG testCases.TC1_AccountRegTest-Debug logs..
 21:35:04.869 [main] DEBUG org.testng.TestNG-suiteXmlPath: "C:\workspace\SeleniumJava Automation\AutomationFrameworkPavan2\crossbrowsertesting_paralleltesting.xml"
 21:35:05.192 [main] INFO  org.testng.internal.Utils-[TestNG] Running:
  C:\workspace\SeleniumJava Automation\AutomationFrameworkPavan2\crossbrowsertesting_paralleltesting.xml

 21:35:10.237 [TestNG-tests-3] INFO  testCases.TC1_AccountRegTest-******Starting TC1_AccountRegTest  ******
 21:35:14.444 [TestNG-tests-1] INFO  testCases.TC1_AccountRegTest-******Starting TC1_AccountRegTest  ******
 21:35:15.269 [TestNG-tests-3] INFO  testCases.TC1_AccountRegTest-Clicked on register
 21:35:15.274 [TestNG-tests-3] INFO  testCases.TC1_AccountRegTest-Providing customer details....
 21:35:15.887 [TestNG-tests-2] INFO  testCases.TC1_AccountRegTest-******Starting TC1_AccountRegTest  ******
 21:35:25.949 [TestNG-tests-3] ERROR testCases.TC1_AccountRegTest-Test failed..
 21:35:25.949 [TestNG-tests-3] DEBUG testCases.TC1_AccountRegTest-Debug logs..
 21:35:26.513 [TestNG-tests-1] INFO  testCases.TC1_AccountRegTest-Clicked on register
 21:35:26.513 [TestNG-tests-1] INFO  testCases.TC1_AccountRegTest-Providing customer details....
 21:35:26.564 [TestNG-tests-2] ERROR testCases.TC1_AccountRegTest-Test failed..
 21:35:26.564 [TestNG-tests-2] DEBUG testCases.TC1_AccountRegTest-Debug logs..
 21:35:27.852 [TestNG-tests-1] INFO  testCases.TC1_AccountRegTest-Validating expected message....
 21:35:27.880 [TestNG-tests-1] INFO  testCases.TC1_AccountRegTest-******Finished TC1_AccountRegTest  ******
 22:11:42.894 [main] DEBUG org.testng.TestNG-suiteXmlPath: "C:\workspace\SeleniumJava Automation\AutomationFrameworkPavan2\grouping.xml"
 22:11:43.327 [main] INFO  org.testng.internal.Utils-[TestNG] Running:
  C:\workspace\SeleniumJava Automation\AutomationFrameworkPavan2\grouping.xml

 22:13:31.390 [main] DEBUG org.testng.TestNG-suiteXmlPath: "C:\workspace\SeleniumJava Automation\AutomationFrameworkPavan2\grouping.xml"
 22:13:31.670 [main] INFO  org.testng.internal.Utils-[TestNG] Running:
  C:\workspace\SeleniumJava Automation\AutomationFrameworkPavan2\grouping.xml

 22:16:15.727 [main] DEBUG org.testng.TestNG-suiteXmlPath: "C:\workspace\SeleniumJava Automation\AutomationFrameworkPavan2\grouping.xml"
 22:16:16.065 [main] INFO  org.testng.internal.Utils-[TestNG] Running:
  C:\workspace\SeleniumJava Automation\AutomationFrameworkPavan2\grouping.xml

 22:20:25.705 [main] DEBUG org.testng.TestNG-suiteXmlPath: "C:\workspace\SeleniumJava Automation\AutomationFrameworkPavan2\grouping.xml"
 22:20:26.280 [main] INFO  org.testng.internal.Utils-[TestNG] Running:
  C:\workspace\SeleniumJava Automation\AutomationFrameworkPavan2\grouping.xml

 22:20:33.936 [main] INFO  testCases.TC1_AccountRegTest-******Starting TC1_AccountRegTest  ******
 22:20:34.608 [main] INFO  testCases.TC1_AccountRegTest-Clicked on register
 22:20:34.614 [main] INFO  testCases.TC1_AccountRegTest-Providing customer details....
 22:20:36.663 [main] INFO  testCases.TC1_AccountRegTest-Validating expected message....
 22:20:36.728 [main] INFO  testCases.TC1_AccountRegTest-******Finished TC1_AccountRegTest  ******
 22:20:41.992 [main] INFO  testCases.TC2_LoginTest-****** Starting TC2_LoginTest
 22:20:43.854 [main] INFO  testCases.TC2_LoginTest-****** Finished  TC2_LoginTest
 